0 info it worked if it ends with ok
1 verbose cli [ 'C:\\Program Files\\nodejs\\node.exe',
1 verbose cli   'C:\\Users\\sokolov_al\\AppData\\Roaming\\npm\\node_modules\\npm\\bin\\npm-cli.js',
1 verbose cli   'run',
1 verbose cli   'build:client' ]
2 info using npm@3.10.10
3 info using node@v8.11.4
4 verbose run-script [ 'prebuild:client', 'build:client', 'postbuild:client' ]
5 info lifecycle vue-ssr@1.0.0~prebuild:client: vue-ssr@1.0.0
6 silly lifecycle vue-ssr@1.0.0~prebuild:client: no script for prebuild:client, continuing
7 info lifecycle vue-ssr@1.0.0~build:client: vue-ssr@1.0.0
8 verbose lifecycle vue-ssr@1.0.0~build:client: unsafe-perm in lifecycle true
9 verbose lifecycle vue-ssr@1.0.0~build:client: PATH: C:\Users\sokolov_al\AppData\Roaming\npm\node_modules\npm\bin\node-gyp-bin;C:\Projects\gatsby_prototype\vue\node_modules\.bin;C:\Program Files\Git\mingw64\bin;C:\Program Files\Git\usr\bin;C:\Users\sokolov_al\bin;C:\program files (x86)\graphicsmagick-1.3.25-q16;C:\ProgramData\Oracle\Java\javapath;C:\windows\system32;C:\windows;C:\windows\System32\Wbem;C:\Program Files (x86)\Windows Kits\8.1\Windows Performance Toolkit;C:\Program Files\Microsoft SQL Server\110\Tools\Binn;C:\Program Files\Microsoft\Web Platform Installer;C:\Program Files (x86)\Microsoft SQL Server\100\Tools\Binn;C:\Program Files\Microsoft SQL Server\100\Tools\Binn;C:\Program Files\Microsoft SQL Server\100\DTS\Binn;C:\Program Files (x86)\Microsoft SQL Server\100\Tools\Binn\VSShell\Common7\IDE;C:\Program Files (x86)\Microsoft SQL Server\100\DTS\Binn;C:\Users\sokolov_al\AppData\Roaming\nvm;C:\windows\System32\WindowsPowerShell\v1.0;C:\windows\System32\WindowsPowerShell\v1.0;C:\Program Files\SafeNet\Authentication\SAC\x64;C:\Program Files\SafeNet\Authentication\SAC\x32;C:\Program Files\TortoiseGit\bin;C:\Program Files\Microsoft SQL Server\130\Tools\Binn;C:\Users\sokolov_al\.dnx\bin;C:\Program Files\Microsoft DNX\Dnvm;C:\Program Files (x86)\Skype\Phone;C:\windows\System32\WindowsPowerShell\v1.0;C:\Program Files (x86)\Yarn\bin;C:\Users\sokolov_al\AppData\Roaming\nvm;C:\Program Files\nodejs;C:\Program Files\dotnet;C:\Program Files\Git\cmd;C:\Program Files (x86)\Microsoft VS Code\bin;C:\Go\bin;C:\Program Files\nodejs;C:\Users\sokolov_al\AppData\Roaming\nvm;C:\Program Files\nodejs;C:\Program Files (x86)\Microsoft VS Code\bin;C:\Program Files\MongoDB\Server\3.4\bin;C:\Users\sokolov_al\AppData\Local\Yarn\bin;%GOPATH%\bin;C:\Users\sokolov_al\AppData\Roaming\npm
10 verbose lifecycle vue-ssr@1.0.0~build:client: CWD: C:\Projects\gatsby_prototype\vue
11 silly lifecycle vue-ssr@1.0.0~build:client: Args: [ '/d /s /c',
11 silly lifecycle   'webpack --config webpack.config.js --progress --hide-modules' ]
12 silly lifecycle vue-ssr@1.0.0~build:client: Returned: code: 2  signal: null
13 info lifecycle vue-ssr@1.0.0~build:client: Failed to exec build:client script
14 verbose stack Error: vue-ssr@1.0.0 build:client: `webpack --config webpack.config.js --progress --hide-modules`
14 verbose stack Exit status 2
14 verbose stack     at EventEmitter.<anonymous> (C:\Users\sokolov_al\AppData\Roaming\npm\node_modules\npm\lib\utils\lifecycle.js:255:16)
14 verbose stack     at emitTwo (events.js:126:13)
14 verbose stack     at EventEmitter.emit (events.js:214:7)
14 verbose stack     at ChildProcess.<anonymous> (C:\Users\sokolov_al\AppData\Roaming\npm\node_modules\npm\lib\utils\spawn.js:40:14)
14 verbose stack     at emitTwo (events.js:126:13)
14 verbose stack     at ChildProcess.emit (events.js:214:7)
14 verbose stack     at maybeClose (internal/child_process.js:925:16)
14 verbose stack     at Process.ChildProcess._handle.onexit (internal/child_process.js:209:5)
15 verbose pkgid vue-ssr@1.0.0
16 verbose cwd C:\Projects\gatsby_prototype\vue
17 error Windows_NT 6.1.7601
18 error argv "C:\\Program Files\\nodejs\\node.exe" "C:\\Users\\sokolov_al\\AppData\\Roaming\\npm\\node_modules\\npm\\bin\\npm-cli.js" "run" "build:client"
19 error node v8.11.4
20 error npm  v3.10.10
21 error code ELIFECYCLE
22 error vue-ssr@1.0.0 build:client: `webpack --config webpack.config.js --progress --hide-modules`
22 error Exit status 2
23 error Failed at the vue-ssr@1.0.0 build:client script 'webpack --config webpack.config.js --progress --hide-modules'.
23 error Make sure you have the latest version of node.js and npm installed.
23 error If you do, this is most likely a problem with the vue-ssr package,
23 error not with npm itself.
23 error Tell the author that this fails on your system:
23 error     webpack --config webpack.config.js --progress --hide-modules
23 error You can get information on how to open an issue for this project with:
23 error     npm bugs vue-ssr
23 error Or if that isn't available, you can get their info via:
23 error     npm owner ls vue-ssr
23 error There is likely additional logging output above.
24 verbose exit [ 1, true ]
